C:\DOCUMENTS AND SETTINGS\ADMINISTRATOR\MY DOCUMENTS\VISUAL STUDIO 2010\PROJECTS\ANBSAMPLING\ANBSAMPLING\DEBUG\ANBSAMPLE.OBJ
C:\DOCUMENTS AND SETTINGS\ADMINISTRATOR\MY DOCUMENTS\VISUAL STUDIO 2010\PROJECTS\ANBSAMPLING\ANBSAMPLING\DEBUG\ANBSAMPLING.EXE.EMBED.MANIFEST
C:\DOCUMENTS AND SETTINGS\ADMINISTRATOR\MY DOCUMENTS\VISUAL STUDIO 2010\PROJECTS\ANBSAMPLING\ANBSAMPLING\DEBUG\ANBSAMPLING.EXE.EMBED.MANIFEST.RES
C:\DOCUMENTS AND SETTINGS\ADMINISTRATOR\MY DOCUMENTS\VISUAL STUDIO 2010\PROJECTS\ANBSAMPLING\ANBSAMPLING\DEBUG\ANBSAMPLING.EXE.INTERMEDIATE.MANIFEST
c:\documents and settings\administrator\my documents\visual studio 2010\Projects\ANBSampling\ANBSampling\Debug\ANBSampling_manifest.rc
c:\documents and settings\administrator\my documents\visual studio 2010\Projects\ANBSampling\ANBSampling\Debug\cl.command.1.tlog
c:\documents and settings\administrator\my documents\visual studio 2010\Projects\ANBSampling\ANBSampling\Debug\CL.read.1.tlog
c:\documents and settings\administrator\my documents\visual studio 2010\Projects\ANBSampling\ANBSampling\Debug\CL.write.1.tlog
c:\documents and settings\administrator\my documents\visual studio 2010\Projects\ANBSampling\ANBSampling\Debug\link.70132.read.1.tlog
c:\documents and settings\administrator\my documents\visual studio 2010\Projects\ANBSampling\ANBSampling\Debug\link.70132.write.1.tlog
c:\documents and settings\administrator\my documents\visual studio 2010\Projects\ANBSampling\ANBSampling\Debug\link.70132-cvtres.read.1.tlog
c:\documents and settings\administrator\my documents\visual studio 2010\Projects\ANBSampling\ANBSampling\Debug\link.70132-cvtres.write.1.tlog
c:\documents and settings\administrator\my documents\visual studio 2010\Projects\ANBSampling\ANBSampling\Debug\link.command.1.tlog
c:\documents and settings\administrator\my documents\visual studio 2010\Projects\ANBSampling\ANBSampling\Debug\link.read.1.tlog
c:\documents and settings\administrator\my documents\visual studio 2010\Projects\ANBSampling\ANBSampling\Debug\link.write.1.tlog
c:\documents and settings\administrator\my documents\visual studio 2010\Projects\ANBSampling\ANBSampling\Debug\link-cvtres.read.1.tlog
c:\documents and settings\administrator\my documents\visual studio 2010\Projects\ANBSampling\ANBSampling\Debug\link-cvtres.write.1.tlog
c:\documents and settings\administrator\my documents\visual studio 2010\Projects\ANBSampling\ANBSampling\Debug\mt.command.1.tlog
c:\documents and settings\administrator\my documents\visual studio 2010\Projects\ANBSampling\ANBSampling\Debug\mt.read.1.tlog
c:\documents and settings\administrator\my documents\visual studio 2010\Projects\ANBSampling\ANBSampling\Debug\mt.write.1.tlog
C:\DOCUMENTS AND SETTINGS\ADMINISTRATOR\MY DOCUMENTS\VISUAL STUDIO 2010\PROJECTS\ANBSAMPLING\ANBSAMPLING\DEBUG\MY3DGRID.OBJ
C:\DOCUMENTS AND SETTINGS\ADMINISTRATOR\MY DOCUMENTS\VISUAL STUDIO 2010\PROJECTS\ANBSAMPLING\ANBSAMPLING\DEBUG\MYBASIC.OBJ
C:\DOCUMENTS AND SETTINGS\ADMINISTRATOR\MY DOCUMENTS\VISUAL STUDIO 2010\PROJECTS\ANBSAMPLING\ANBSAMPLING\DEBUG\MYCLOCK.OBJ
C:\DOCUMENTS AND SETTINGS\ADMINISTRATOR\MY DOCUMENTS\VISUAL STUDIO 2010\PROJECTS\ANBSAMPLING\ANBSAMPLING\DEBUG\MYPOINT.OBJ
C:\DOCUMENTS AND SETTINGS\ADMINISTRATOR\MY DOCUMENTS\VISUAL STUDIO 2010\PROJECTS\ANBSAMPLING\ANBSAMPLING\DEBUG\MYUTILITY.OBJ
c:\documents and settings\administrator\my documents\visual studio 2010\Projects\ANBSampling\ANBSampling\Debug\rc.command.1.tlog
c:\documents and settings\administrator\my documents\visual studio 2010\Projects\ANBSampling\ANBSampling\Debug\rc.read.1.tlog
c:\documents and settings\administrator\my documents\visual studio 2010\Projects\ANBSampling\ANBSampling\Debug\rc.write.1.tlog
C:\DOCUMENTS AND SETTINGS\ADMINISTRATOR\MY DOCUMENTS\VISUAL STUDIO 2010\PROJECTS\ANBSAMPLING\ANBSAMPLING\DEBUG\SAMPLE.OBJ
c:\documents and settings\administrator\my documents\visual studio 2010\Projects\ANBSampling\ANBSampling\Debug\vc100.idb
C:\DOCUMENTS AND SETTINGS\ADMINISTRATOR\MY DOCUMENTS\VISUAL STUDIO 2010\PROJECTS\ANBSAMPLING\ANBSAMPLING\DEBUG\VC100.PDB
C:\DOCUMENTS AND SETTINGS\ADMINISTRATOR\MY DOCUMENTS\VISUAL STUDIO 2010\PROJECTS\ANBSAMPLING\DEBUG\ANBSAMPLING.EXE
C:\DOCUMENTS AND SETTINGS\ADMINISTRATOR\MY DOCUMENTS\VISUAL STUDIO 2010\PROJECTS\ANBSAMPLING\DEBUG\ANBSAMPLING.ILK
C:\DOCUMENTS AND SETTINGS\ADMINISTRATOR\MY DOCUMENTS\VISUAL STUDIO 2010\PROJECTS\ANBSAMPLING\DEBUG\ANBSAMPLING.PDB
