Build started 2013-9-13 13:21:02.
     1>Project "C:\Documents and Settings\Administrator\桌面\Work\ANBSampling\ANBSampling\ANBSampling.vcxproj" on node 2 (build target(s)).
     1>InitializeBuildStatus:
         Creating "Debug\ANBSampling.unsuccessfulbuild" because "AlwaysCreate" was specified.
       ClCompile:
         C:\Program Files\Microsoft Visual Studio 10.0\VC\bin\CL.exe /c /ZI /nologo /W3 /WX- /Od /Oy- /D WIN32 /D _DEBUG /D _CONSOLE /D _UNICODE /D UNICODE /Gm /EHsc /RTC1 /MDd /GS /fp:precise /Zc:wchar_t /Zc:forScope /Fo"Debug\\" /Fd"Debug\vc100.pdb" /Gd /TP /analyze- /errorReport:prompt ANBSample.cpp Filter.cpp My3DGrid.cpp MyBasic.cpp MyClock.cpp MyPoint.cpp MyUtility.cpp sample.cpp SobelFilter.cpp
         SobelFilter.cpp
     1>c:\documents and settings\administrator\桌面\work\anbsampling\anbsampling\sobelfilter.cpp(49): warning C4244: 'initializing' : conversion from 'int' to 'const float', possible loss of data
         sample.cpp
     1>c:\documents and settings\administrator\桌面\work\anbsampling\anbsampling\sample.cpp(20): warning C4244: 'initializing' : conversion from 'double' to 'real', possible loss of data
     1>c:\documents and settings\administrator\桌面\work\anbsampling\anbsampling\sample.cpp(21): warning C4244: 'initializing' : conversion from 'double' to 'real', possible loss of data
     1>c:\documents and settings\administrator\桌面\work\anbsampling\anbsampling\sample.cpp(22): warning C4244: 'initializing' : conversion from 'double' to 'real', possible loss of data
     1>c:\documents and settings\administrator\桌面\work\anbsampling\anbsampling\sample.cpp(29): warning C4244: 'argument' : conversion from 'time_t' to 'unsigned int', possible loss of data
         MyUtility.cpp
         MyPoint.cpp
         MyClock.cpp
         MyBasic.cpp
         My3DGrid.cpp
         Filter.cpp
         ANBSample.cpp
     1>c:\documents and settings\administrator\桌面\work\anbsampling\anbsampling\anbsample.cpp(98): warning C4244: 'return' : conversion from 'double' to 'real', possible loss of data
     1>c:\documents and settings\administrator\桌面\work\anbsampling\anbsampling\anbsample.cpp(236): warning C4244: '=' : conversion from 'float' to 'int', possible loss of data
         Generating Code...
     1>c:\documents and settings\administrator\桌面\work\anbsampling\anbsampling\anbsample.cpp(379): warning C4715: 'ANBSample::WritePt' : not all control paths return a value
     1>c:\documents and settings\administrator\桌面\work\anbsampling\anbsampling\sobelfilter.cpp(13): warning C4715: 'SobelFilter::setOrientation' : not all control paths return a value
       ManifestResourceCompile:
         C:\Program Files\Microsoft SDKs\Windows\v7.0A\bin\rc.exe /nologo /fo"Debug\ANBSampling.exe.embed.manifest.res" Debug\ANBSampling_manifest.rc 
       Link:
         C:\Program Files\Microsoft Visual Studio 10.0\VC\bin\link.exe /ERRORREPORT:PROMPT /OUT:"C:\Documents and Settings\Administrator\桌面\Work\ANBSampling\Debug\ANBSampling.exe" /INCREMENTAL /NOLOGO kernel32.lib user32.lib gdi32.lib winspool.lib comdlg32.lib advapi32.lib shell32.lib ole32.lib oleaut32.lib uuid.lib odbc32.lib odbccp32.lib /MANIFEST /ManifestFile:"Debug\ANBSampling.exe.intermediate.manifest" /MANIFESTUAC:"level='asInvoker' uiAccess='false'" /DEBUG /PDB:"C:\Documents and Settings\Administrator\桌面\Work\ANBSampling\Debug\ANBSampling.pdb" /SUBSYSTEM:CONSOLE /TLBID:1 /DYNAMICBASE /NXCOMPAT /IMPLIB:"C:\Documents and Settings\Administrator\桌面\Work\ANBSampling\Debug\ANBSampling.lib" /MACHINE:X86 Debug\ANBSampling.exe.embed.manifest.res
         Debug\ANBSample.obj
         Debug\Filter.obj
         Debug\My3DGrid.obj
         Debug\MyBasic.obj
         Debug\MyClock.obj
         Debug\MyPoint.obj
         Debug\MyUtility.obj
         Debug\sample.obj
         Debug\SobelFilter.obj
       Manifest:
         C:\Program Files\Microsoft SDKs\Windows\v7.0A\bin\mt.exe /nologo /verbose /out:"Debug\ANBSampling.exe.embed.manifest" /manifest Debug\ANBSampling.exe.intermediate.manifest
         C:\Program Files\Microsoft SDKs\Windows\v7.0A\bin\rc.exe /nologo /fo"Debug\ANBSampling.exe.embed.manifest.res" Debug\ANBSampling_manifest.rc 
       LinkEmbedManifest:
         C:\Program Files\Microsoft Visual Studio 10.0\VC\bin\link.exe /ERRORREPORT:PROMPT /OUT:"C:\Documents and Settings\Administrator\桌面\Work\ANBSampling\Debug\ANBSampling.exe" /INCREMENTAL /NOLOGO kernel32.lib user32.lib gdi32.lib winspool.lib comdlg32.lib advapi32.lib shell32.lib ole32.lib oleaut32.lib uuid.lib odbc32.lib odbccp32.lib /MANIFEST /ManifestFile:"Debug\ANBSampling.exe.intermediate.manifest" /MANIFESTUAC:"level='asInvoker' uiAccess='false'" /DEBUG /PDB:"C:\Documents and Settings\Administrator\桌面\Work\ANBSampling\Debug\ANBSampling.pdb" /SUBSYSTEM:CONSOLE /TLBID:1 /DYNAMICBASE /NXCOMPAT /IMPLIB:"C:\Documents and Settings\Administrator\桌面\Work\ANBSampling\Debug\ANBSampling.lib" /MACHINE:X86 Debug\ANBSampling.exe.embed.manifest.res
         Debug\ANBSample.obj
         Debug\Filter.obj
         Debug\My3DGrid.obj
         Debug\MyBasic.obj
         Debug\MyClock.obj
         Debug\MyPoint.obj
         Debug\MyUtility.obj
         Debug\sample.obj
         Debug\SobelFilter.obj
         ANBSampling.vcxproj -> C:\Documents and Settings\Administrator\桌面\Work\ANBSampling\Debug\ANBSampling.exe
       FinalizeBuildStatus:
         Deleting file "Debug\ANBSampling.unsuccessfulbuild".
         Touching "Debug\ANBSampling.lastbuildstate".
     1>Done Building Project "C:\Documents and Settings\Administrator\桌面\Work\ANBSampling\ANBSampling\ANBSampling.vcxproj" (build target(s)).

Build succeeded.

Time Elapsed 00:00:09.29
